[2020-04-19T16:39:29.367] [DEBUG] cheese - login => username:zs,password:123456
[2020-04-19T16:39:29.369] [DEBUG] cheese - zs
[2020-04-19T16:39:29.399] [DEBUG] cheese - null
[2020-04-19T16:39:29.399] [DEBUG] cheese - null
[2020-04-19T16:40:09.978] [DEBUG] cheese - login => username:admin,password:123456
[2020-04-19T16:40:09.978] [DEBUG] cheese - admin
[2020-04-19T16:40:09.987] [DEBUG] cheese - null
[2020-04-19T16:40:09.987] [DEBUG] cheese - null
[2020-04-19T21:05:16.851] [DEBUG] cheese - login => username:dzs,password:123dddd
[2020-04-19T21:05:16.851] [DEBUG] cheese - dzs
[2020-04-19T21:05:16.854] [DEBUG] cheese - null
[2020-04-19T21:05:16.854] [DEBUG] cheese - null
[2020-04-19T21:06:04.701] [DEBUG] cheese - login => username:zsdf,password:123dfdfd
[2020-04-19T21:06:04.701] [DEBUG] cheese - zsdf
[2020-04-19T21:06:04.704] [DEBUG] cheese - null
[2020-04-19T21:06:04.704] [DEBUG] cheese - null
[2020-04-19T21:07:02.658] [DEBUG] cheese - login => username:zsd,password:123ddddd
[2020-04-19T21:07:02.658] [DEBUG] cheese - zsd
[2020-04-19T21:07:02.659] [DEBUG] cheese - null
[2020-04-19T21:07:02.660] [DEBUG] cheese - null
[2020-04-19T21:07:18.903] [DEBUG] cheese - login => username:zsd,password:123ddddd
[2020-04-19T21:07:18.903] [DEBUG] cheese - zsd
[2020-04-19T21:07:18.905] [DEBUG] cheese - null
[2020-04-19T21:07:18.905] [DEBUG] cheese - null
[2020-04-19T21:08:59.783] [DEBUG] cheese - login => username:zsdd,password:123ddddd
[2020-04-19T21:08:59.783] [DEBUG] cheese - zsdd
[2020-04-19T21:08:59.785] [DEBUG] cheese - null
[2020-04-19T21:08:59.785] [DEBUG] cheese - null
[2020-04-19T21:09:07.535] [DEBUG] cheese - login => username:admin,password:123456
[2020-04-19T21:09:07.535] [DEBUG] cheese - admin
[2020-04-19T21:09:07.538] [DEBUG] cheese - null
[2020-04-19T21:09:07.539] [DEBUG] cheese - null
[2020-04-19T21:15:16.791] [DEBUG] cheese - login => username:zsd,password:123dddd
[2020-04-19T21:15:16.792] [DEBUG] cheese - zsd
[2020-04-19T21:15:16.793] [DEBUG] cheese - null
[2020-04-19T21:15:16.794] [DEBUG] cheese - null
[2020-04-19T21:15:26.638] [DEBUG] cheese - login => username:admin,password:123456
[2020-04-19T21:15:26.638] [DEBUG] cheese - admin
[2020-04-19T21:15:26.639] [DEBUG] cheese - null
[2020-04-19T21:15:26.639] [DEBUG] cheese - null
[2020-04-19T21:15:41.595] [DEBUG] cheese - login => username:admin,password:123456
[2020-04-19T21:15:41.595] [DEBUG] cheese - admin
[2020-04-19T21:15:41.597] [DEBUG] cheese - null
[2020-04-19T21:15:41.597] [DEBUG] cheese - null
[2020-04-19T21:21:24.564] [DEBUG] cheese - login => username:admin,password:123456
[2020-04-19T21:21:24.565] [DEBUG] cheese - admin
[2020-04-19T21:21:24.567] [DEBUG] cheese - null
[2020-04-19T21:21:24.567] [DEBUG] cheese - null
[2020-04-19T21:23:19.798] [DEBUG] cheese - login => username:admin,password:123456
[2020-04-19T21:23:19.798] [DEBUG] cheese - admin
[2020-04-19T21:23:19.799] [DEBUG] cheese - null
[2020-04-19T21:23:19.799] [DEBUG] cheese - null
[2020-04-19T21:36:06.609] [DEBUG] cheese - login => username:admin,password:123456
[2020-04-19T21:36:06.609] [DEBUG] cheese - admin
[2020-04-19T21:36:06.610] [DEBUG] cheese - null
[2020-04-19T21:36:06.610] [DEBUG] cheese - null
[2020-04-19T21:38:04.482] [DEBUG] cheese - login => username:admin,password:123456
[2020-04-19T21:38:04.482] [DEBUG] cheese - admin
[2020-04-19T21:38:04.485] [DEBUG] cheese - null
[2020-04-19T21:38:04.485] [DEBUG] cheese - null
[2020-04-20T10:05:32.676] [DEBUG] cheese - login => username:admin,password:123456
[2020-04-20T10:05:32.678] [DEBUG] cheese - admin
[2020-04-20T10:05:32.702] [DEBUG] cheese - null
[2020-04-20T10:05:32.702] [DEBUG] cheese - null
[2020-04-20T10:46:26.267] [DEBUG] cheese - login => username:admin,password:123456
[2020-04-20T10:46:26.267] [DEBUG] cheese - admin
[2020-04-20T10:46:26.271] [DEBUG] cheese - null
[2020-04-20T10:46:26.271] [DEBUG] cheese - null
[2020-04-20T10:49:02.282] [DEBUG] cheese - login => username:admin,password:123456
[2020-04-20T10:49:02.282] [DEBUG] cheese - admin
[2020-04-20T10:49:02.285] [DEBUG] cheese - null
[2020-04-20T10:49:02.285] [DEBUG] cheese - null
[2020-04-20T11:23:12.318] [DEBUG] cheese - login => username:admin,password:123456
[2020-04-20T11:23:12.318] [DEBUG] cheese - admin
[2020-04-20T11:23:12.320] [DEBUG] cheese - null
[2020-04-20T11:23:12.320] [DEBUG] cheese - null
[2020-04-20T14:47:26.776] [DEBUG] cheese - login => username:admin,password:123456
[2020-04-20T14:47:26.777] [DEBUG] cheese - admin
[2020-04-20T14:47:26.779] [DEBUG] cheese - null
[2020-04-20T14:47:26.779] [DEBUG] cheese - null
[2020-04-20T15:04:11.350] [DEBUG] cheese - login => username:admin,password:123456
[2020-04-20T15:04:11.350] [DEBUG] cheese - admin
[2020-04-20T15:04:11.352] [DEBUG] cheese - null
[2020-04-20T15:04:11.352] [DEBUG] cheese - null
[2020-04-20T15:57:46.329] [DEBUG] cheese - login => username:admin,password:123456
[2020-04-20T15:57:46.329] [DEBUG] cheese - admin
[2020-04-20T15:57:46.333] [DEBUG] cheese - null
[2020-04-20T15:57:46.333] [DEBUG] cheese - null
[2020-04-21T10:26:19.665] [DEBUG] cheese - login => username:admin,password:123456
[2020-04-21T10:26:19.667] [DEBUG] cheese - admin
[2020-04-21T10:26:19.694] [DEBUG] cheese - null
[2020-04-21T10:26:19.695] [DEBUG] cheese - null
[2020-04-21T10:45:49.845] [DEBUG] cheese - login => username:admin,password:123456
[2020-04-21T10:45:49.845] [DEBUG] cheese - admin
[2020-04-21T10:45:49.848] [DEBUG] cheese - null
[2020-04-21T10:45:49.849] [DEBUG] cheese - null
[2020-04-21T10:48:48.329] [DEBUG] cheese - login => username:admin,password:123456
[2020-04-21T10:48:48.329] [DEBUG] cheese - admin
[2020-04-21T10:48:48.330] [DEBUG] cheese - null
[2020-04-21T10:48:48.331] [DEBUG] cheese - null
[2020-04-21T15:38:58.280] [DEBUG] cheese - null
[2020-04-21T15:43:29.748] [DEBUG] cheese - null
[2020-04-21T15:45:12.046] [DEBUG] cheese - null
[2020-04-21T15:45:14.922] [DEBUG] cheese - null
[2020-04-21T15:45:17.783] [DEBUG] cheese - null
[2020-04-21T16:53:47.261] [DEBUG] cheese - null
[2020-04-22T10:15:09.656] [DEBUG] cheese - login => username:admin,password:123456
[2020-04-22T10:15:09.658] [DEBUG] cheese - admin
[2020-04-22T10:15:09.686] [DEBUG] cheese - null
[2020-04-22T10:15:09.686] [DEBUG] cheese - null
[2020-04-22T22:26:34.583] [DEBUG] cheese - login => username:admin,password:123456
[2020-04-22T22:26:34.583] [DEBUG] cheese - admin
[2020-04-22T22:26:34.585] [DEBUG] cheese - null
[2020-04-22T22:26:34.585] [DEBUG] cheese - null
[2020-04-22T22:53:34.295] [DEBUG] cheese - login => username:admin,password:123456
[2020-04-22T22:53:34.296] [DEBUG] cheese - admin
[2020-04-22T22:53:34.297] [DEBUG] cheese - null
[2020-04-22T22:53:34.297] [DEBUG] cheese - null
[2020-04-23T10:16:24.953] [DEBUG] cheese - login => username:admin,password:123456
[2020-04-23T10:16:24.955] [DEBUG] cheese - admin
[2020-04-23T10:16:24.981] [DEBUG] cheese - null
[2020-04-23T10:16:24.981] [DEBUG] cheese - null
[2020-04-23T15:42:26.573] [DEBUG] cheese - null
[2020-04-23T18:12:02.400] [DEBUG] cheese - login => username:admin,password:123456
[2020-04-23T18:12:02.400] [DEBUG] cheese - admin
[2020-04-23T18:12:02.403] [DEBUG] cheese - null
[2020-04-23T18:12:02.403] [DEBUG] cheese - null
[2020-04-23T18:18:10.827] [DEBUG] cheese - login => username:admin,password:123456
[2020-04-23T18:18:10.828] [DEBUG] cheese - admin
[2020-04-23T18:18:10.832] [DEBUG] cheese - null
[2020-04-23T18:18:10.832] [DEBUG] cheese - null
[2020-04-23T19:56:42.861] [DEBUG] cheese - login => username:admin,password:123456
[2020-04-23T19:56:42.861] [DEBUG] cheese - admin
[2020-04-23T19:56:42.862] [DEBUG] cheese - null
[2020-04-23T19:56:42.863] [DEBUG] cheese - null
[2020-04-23T21:53:23.519] [DEBUG] cheese - login => username:admin,password:123456
[2020-04-23T21:53:23.519] [DEBUG] cheese - admin
[2020-04-23T21:53:23.522] [DEBUG] cheese - null
[2020-04-23T21:53:23.522] [DEBUG] cheese - null
[2020-04-23T22:07:44.770] [DEBUG] cheese - login => username:admin,password:123456
[2020-04-23T22:07:44.770] [DEBUG] cheese - admin
[2020-04-23T22:07:44.772] [DEBUG] cheese - null
[2020-04-23T22:07:44.772] [DEBUG] cheese - null
[2020-04-23T22:24:54.970] [DEBUG] cheese - login => username:admin,password:123456
[2020-04-23T22:24:54.970] [DEBUG] cheese - admin
[2020-04-23T22:24:54.976] [DEBUG] cheese - null
[2020-04-23T22:24:54.976] [DEBUG] cheese - null
[2020-04-23T22:29:32.854] [DEBUG] cheese - login => username:admin,password:123456
[2020-04-23T22:29:32.854] [DEBUG] cheese - admin
[2020-04-23T22:29:32.856] [DEBUG] cheese - null
[2020-04-23T22:29:32.856] [DEBUG] cheese - null
[2020-04-23T22:31:19.493] [DEBUG] cheese - login => username:admin,password:123456
[2020-04-23T22:31:19.493] [DEBUG] cheese - admin
[2020-04-23T22:31:19.495] [DEBUG] cheese - null
[2020-04-23T22:31:19.495] [DEBUG] cheese - null
[2020-04-24T10:25:25.670] [DEBUG] cheese - login => username:admin,password:123456
[2020-04-24T10:25:25.673] [DEBUG] cheese - admin
[2020-04-24T10:25:25.700] [DEBUG] cheese - null
[2020-04-24T10:25:25.700] [DEBUG] cheese - null
[2020-04-24T10:26:27.040] [DEBUG] cheese - login => username:admin,password:123456
[2020-04-24T10:26:27.040] [DEBUG] cheese - admin
[2020-04-24T10:26:27.042] [DEBUG] cheese - null
[2020-04-24T10:26:27.043] [DEBUG] cheese - null
[2020-04-24T10:33:06.598] [DEBUG] cheese - login => username:admin,password:123456
[2020-04-24T10:33:06.598] [DEBUG] cheese - admin
[2020-04-24T10:33:06.602] [DEBUG] cheese - null
[2020-04-24T10:33:06.602] [DEBUG] cheese - null
[2020-04-24T10:38:38.110] [DEBUG] cheese - login => username:admin,password:123456
[2020-04-24T10:38:38.111] [DEBUG] cheese - admin
[2020-04-24T10:38:38.116] [DEBUG] cheese - null
[2020-04-24T10:38:38.116] [DEBUG] cheese - null
[2020-04-24T10:42:01.156] [DEBUG] cheese - login => username:admin,password:123456
[2020-04-24T10:42:01.157] [DEBUG] cheese - admin
[2020-04-24T10:42:01.160] [DEBUG] cheese - null
[2020-04-24T10:42:01.160] [DEBUG] cheese - null
[2020-04-24T10:45:24.873] [DEBUG] cheese - login => username:admin,password:123456
[2020-04-24T10:45:24.873] [DEBUG] cheese - admin
[2020-04-24T10:45:24.875] [DEBUG] cheese - null
[2020-04-24T10:45:24.875] [DEBUG] cheese - null
[2020-04-24T10:47:11.125] [DEBUG] cheese - login => username:admin,password:123456
[2020-04-24T10:47:11.125] [DEBUG] cheese - admin
[2020-04-24T10:47:11.127] [DEBUG] cheese - null
[2020-04-24T10:47:11.127] [DEBUG] cheese - null
[2020-04-24T11:15:54.333] [DEBUG] cheese - login => username:admin,password:123456
[2020-04-24T11:15:54.333] [DEBUG] cheese - admin
[2020-04-24T11:15:54.335] [DEBUG] cheese - null
[2020-04-24T11:15:54.335] [DEBUG] cheese - null
[2020-04-24T11:18:52.883] [DEBUG] cheese - login => username:admin,password:123456
[2020-04-24T11:18:52.883] [DEBUG] cheese - admin
[2020-04-24T11:18:52.885] [DEBUG] cheese - null
[2020-04-24T11:18:52.885] [DEBUG] cheese - null
[2020-04-24T11:23:20.705] [DEBUG] cheese - login => username:susu,password:123456
[2020-04-24T11:23:20.705] [DEBUG] cheese - susu
[2020-04-24T11:23:20.706] [DEBUG] cheese - null
[2020-04-24T11:23:20.707] [DEBUG] cheese - null
[2020-04-24T11:23:26.042] [DEBUG] cheese - login => username:susu,password:123456
[2020-04-24T11:23:26.042] [DEBUG] cheese - susu
[2020-04-24T11:23:26.044] [DEBUG] cheese - null
[2020-04-24T11:23:26.044] [DEBUG] cheese - null
[2020-04-24T11:23:30.198] [DEBUG] cheese - login => username:susu,password:123456
[2020-04-24T11:23:30.198] [DEBUG] cheese - susu
[2020-04-24T11:23:30.203] [DEBUG] cheese - null
[2020-04-24T11:23:30.203] [DEBUG] cheese - null
[2020-04-24T11:23:44.306] [DEBUG] cheese - login => username:admin,password:123456
[2020-04-24T11:23:44.306] [DEBUG] cheese - admin
[2020-04-24T11:23:44.308] [DEBUG] cheese - null
[2020-04-24T11:23:44.308] [DEBUG] cheese - null
[2020-04-24T11:24:08.128] [DEBUG] cheese - login => username:susu,password:123456
[2020-04-24T11:24:08.128] [DEBUG] cheese - susu
[2020-04-24T11:24:08.131] [DEBUG] cheese - null
[2020-04-24T11:24:08.131] [DEBUG] cheese - null
[2020-04-24T11:24:27.863] [DEBUG] cheese - login => username:susu,password:123456
[2020-04-24T11:24:27.864] [DEBUG] cheese - susu
[2020-04-24T11:24:27.868] [DEBUG] cheese - null
[2020-04-24T11:24:27.868] [DEBUG] cheese - null
[2020-04-24T11:26:28.313] [DEBUG] cheese - login => username:admin,password:123456
[2020-04-24T11:26:28.313] [DEBUG] cheese - admin
[2020-04-24T11:26:28.317] [DEBUG] cheese - null
[2020-04-24T11:26:28.317] [DEBUG] cheese - null
[2020-04-24T12:20:38.475] [DEBUG] cheese - login => username:admin,password:123456
[2020-04-24T12:20:38.475] [DEBUG] cheese - admin
[2020-04-24T12:20:38.478] [DEBUG] cheese - null
[2020-04-24T12:20:38.478] [DEBUG] cheese - null
[2020-04-24T12:29:28.154] [DEBUG] cheese - login => username:admin,password:123456
[2020-04-24T12:29:28.155] [DEBUG] cheese - admin
[2020-04-24T12:29:28.157] [DEBUG] cheese - null
[2020-04-24T12:29:28.157] [DEBUG] cheese - null
[2020-04-24T12:30:48.581] [DEBUG] cheese - login => username:admin,password:123456
[2020-04-24T12:30:48.581] [DEBUG] cheese - admin
[2020-04-24T12:30:48.583] [DEBUG] cheese - null
[2020-04-24T12:30:48.584] [DEBUG] cheese - null
[2020-04-24T12:32:23.184] [DEBUG] cheese - login => username:admin,password:123456
[2020-04-24T12:32:23.185] [DEBUG] cheese - admin
[2020-04-24T12:32:23.188] [DEBUG] cheese - null
[2020-04-24T12:32:23.189] [DEBUG] cheese - null
[2020-04-24T15:07:55.044] [DEBUG] cheese - login => username:admin,password:123456
[2020-04-24T15:07:55.048] [DEBUG] cheese - admin
[2020-04-24T15:07:55.061] [DEBUG] cheese - null
[2020-04-24T15:07:55.062] [DEBUG] cheese - null
[2020-04-24T15:09:51.015] [DEBUG] cheese - login => username:admin,password:123456
[2020-04-24T15:09:51.015] [DEBUG] cheese - admin
[2020-04-24T15:09:51.017] [DEBUG] cheese - null
[2020-04-24T15:09:51.017] [DEBUG] cheese - null
[2020-04-24T19:02:41.067] [DEBUG] cheese - login => username:admin,password:123456
[2020-04-24T19:02:41.067] [DEBUG] cheese - admin
[2020-04-24T19:02:41.076] [DEBUG] cheese - null
[2020-04-24T19:02:41.076] [DEBUG] cheese - null
[2020-04-24T19:56:43.933] [DEBUG] cheese - login => username:admin,password:123456
[2020-04-24T19:56:43.933] [DEBUG] cheese - admin
[2020-04-24T19:56:43.934] [DEBUG] cheese - null
[2020-04-24T19:56:43.935] [DEBUG] cheese - null
[2020-04-27T15:45:07.325] [DEBUG] cheese - login => username:admin,password:123456
[2020-04-27T15:45:07.328] [DEBUG] cheese - admin
[2020-04-27T15:45:07.344] [DEBUG] cheese - null
[2020-04-27T15:45:07.345] [DEBUG] cheese - null
[2020-05-07T22:51:15.187] [DEBUG] cheese - login => username:admin,password:123456
[2020-05-07T22:51:15.189] [DEBUG] cheese - admin
[2020-05-07T22:51:15.238] [DEBUG] cheese - null
[2020-05-07T22:51:15.239] [DEBUG] cheese - null
[2020-05-08T16:37:02.798] [DEBUG] cheese - login => username:admin,password:123456
[2020-05-08T16:37:02.800] [DEBUG] cheese - admin
[2020-05-08T16:37:02.870] [DEBUG] cheese - null
[2020-05-08T16:37:02.870] [DEBUG] cheese - null
[2020-05-09T10:48:59.517] [DEBUG] cheese - login => username:admin,password:123456
[2020-05-09T10:48:59.519] [DEBUG] cheese - admin
[2020-05-09T10:48:59.541] [DEBUG] cheese - null
[2020-05-09T10:48:59.541] [DEBUG] cheese - null
[2020-05-11T17:03:59.966] [DEBUG] cheese - login => username:admin,password:123456
[2020-05-11T17:03:59.969] [DEBUG] cheese - admin
[2020-05-11T17:04:00.015] [DEBUG] cheese - null
[2020-05-11T17:04:00.015] [DEBUG] cheese - null
[2020-05-11T18:21:44.037] [DEBUG] cheese - login => username:admin,password:123456
[2020-05-11T18:21:44.040] [DEBUG] cheese - admin
[2020-05-11T18:21:44.042] [DEBUG] cheese - null
[2020-05-11T18:21:44.043] [DEBUG] cheese - null
[2020-05-12T16:07:49.326] [DEBUG] cheese - login => username:admin,password:123456
[2020-05-12T16:07:49.329] [DEBUG] cheese - admin
[2020-05-12T16:07:49.353] [DEBUG] cheese - null
[2020-05-12T16:07:49.354] [DEBUG] cheese - null
[2020-05-13T10:17:53.548] [DEBUG] cheese - login => username:admin,password:123456
[2020-05-13T10:17:53.550] [DEBUG] cheese - admin
[2020-05-13T10:17:53.610] [DEBUG] cheese - null
[2020-05-13T10:17:53.610] [DEBUG] cheese - null
[2020-05-13T10:57:24.813] [DEBUG] cheese - login => username:admin,password:123456
[2020-05-13T10:57:24.813] [DEBUG] cheese - admin
[2020-05-13T10:57:24.815] [DEBUG] cheese - null
[2020-05-13T10:57:24.816] [DEBUG] cheese - null
